Traceback (most recent call last):
  File "/home/runner/.local/lib/python3.10/site-packages/jupyter_cache/executors/utils.py", line 58, in single_nb_execution
    executenb(
  File "/home/runner/.local/lib/python3.10/site-packages/nbclient/client.py", line 1314, in execute
    return NotebookClient(nb=nb, resources=resources, km=km, **kwargs).execute()
  File "/home/runner/.local/lib/python3.10/site-packages/jupyter_core/utils/__init__.py", line 165, in wrapped
    return loop.run_until_complete(inner)
  File "/usr/lib/python3.10/asyncio/base_events.py", line 649, in run_until_complete
    return future.result()
  File "/home/runner/.local/lib/python3.10/site-packages/nbclient/client.py", line 709, in async_execute
    await self.async_execute_cell(
  File "/home/runner/.local/lib/python3.10/site-packages/nbclient/client.py", line 1062, in async_execute_cell
    await self._check_raise_for_error(cell, cell_index, exec_reply)
  File "/home/runner/.local/lib/python3.10/site-packages/nbclient/client.py", line 918, in _check_raise_for_error
    raise CellExecutionError.from_cell_and_msg(cell, exec_reply_content)
nbclient.exceptions.CellExecutionError: An error occurred while executing the following cell:
------------------
%%fortran
module particles_f90

    implicit none
    
    real(8), dimension(:), allocatable :: positions
    real(8), dimension(:), allocatable :: velocities
            
contains
    subroutine init_particles( n )
    
        integer, intent(in) :: n
                
        integer :: i
        
        if (.not. allocated(positions)) then
            allocate(positions(n))
        end if
        positions = [(i, i = 1, n, 1)]
        if (.not. allocated(velocities)) then
            allocate(velocities(n))
        end if
        velocities = 1.0

    end subroutine init_particles
 
    subroutine push_particles( dt )
        
        real(8), intent(in) :: dt
    
        positions = positions + dt * velocities
        
    end subroutine push_particles
end module particles_f90
------------------

----- stderr -----
UsageError: Cell magic `%%fortran` not found.
------------------



