Traceback (most recent call last):
  File "/home/runner/.local/lib/python3.10/site-packages/jupyter_cache/executors/utils.py", line 58, in single_nb_execution
    executenb(
  File "/home/runner/.local/lib/python3.10/site-packages/nbclient/client.py", line 1314, in execute
    return NotebookClient(nb=nb, resources=resources, km=km, **kwargs).execute()
  File "/home/runner/.local/lib/python3.10/site-packages/jupyter_core/utils/__init__.py", line 165, in wrapped
    return loop.run_until_complete(inner)
  File "/usr/lib/python3.10/asyncio/base_events.py", line 649, in run_until_complete
    return future.result()
  File "/home/runner/.local/lib/python3.10/site-packages/nbclient/client.py", line 709, in async_execute
    await self.async_execute_cell(
  File "/home/runner/.local/lib/python3.10/site-packages/nbclient/client.py", line 1062, in async_execute_cell
    await self._check_raise_for_error(cell, cell_index, exec_reply)
  File "/home/runner/.local/lib/python3.10/site-packages/nbclient/client.py", line 918, in _check_raise_for_error
    raise CellExecutionError.from_cell_and_msg(cell, exec_reply_content)
nbclient.exceptions.CellExecutionError: An error occurred while executing the following cell:
------------------
%%fortran
subroutine juliaset_fortran(x, y, c, lim, maxit, julia)

    real(8),    intent(in)  :: x(:)
    real(8),    intent(in)  :: y(:)
    complex(8), intent(in)  :: c
    real(8),    intent(in)  :: lim
    integer,    intent(in)  :: maxit
    integer,    intent(out) :: julia(size(x),size(y))

    real(8)    :: zr, zi, limsq, cr, ci, tmp
    integer    :: ite, nx, ny

    nx = size(x)
    ny = size(y)
    limsq = lim * lim
    cr = real(c)
    ci = imag(c)

    do i = 1, nx
       do j = 1, ny   
            zr = x(i)
            zi = y(j)
            ite = 0
            do while (zr*zr+zi*zi < limsq .and. ite < maxit)
                tmp = zr*zr - zi*zi 
                zi = 2*zr*zi + ci
                zr = tmp + cr
                ite = ite + 1
            end do
            julia(j, i) = ite
        end do
    end do


end subroutine juliaset_fortran
------------------

----- stderr -----
UsageError: Cell magic `%%fortran` not found.
------------------



