Traceback (most recent call last):
  File "/usr/local/lib/python3.8/site-packages/jupyter_cache/executors/utils.py", line 51, in single_nb_execution
    executenb(
  File "/usr/local/lib/python3.8/site-packages/nbclient/client.py", line 1093, in execute
    return NotebookClient(nb=nb, resources=resources, km=km, **kwargs).execute()
  File "/usr/local/lib/python3.8/site-packages/nbclient/util.py", line 84, in wrapped
    return just_run(coro(*args, **kwargs))
  File "/usr/local/lib/python3.8/site-packages/nbclient/util.py", line 62, in just_run
    return loop.run_until_complete(coro)
  File "/usr/local/Cellar/python@3.8/3.8.12_1/Frameworks/Python.framework/Versions/3.8/lib/python3.8/asyncio/base_events.py", line 616, in run_until_complete
    return future.result()
  File "/usr/local/lib/python3.8/site-packages/nbclient/client.py", line 559, in async_execute
    await self.async_execute_cell(
  File "/usr/local/lib/python3.8/site-packages/nbclient/client.py", line 854, in async_execute_cell
    self._check_raise_for_error(cell, exec_reply)
  File "/usr/local/lib/python3.8/site-packages/nbclient/client.py", line 756, in _check_raise_for_error
    raise CellExecutionError.from_cell_and_msg(cell, exec_reply_content)
nbclient.exceptions.CellExecutionError: An error occurred while executing the following cell:
------------------
%%fortran
recursive function bspline_fortran(p, j, x) result(res)
    integer :: p, j
    real(8) :: x, w, w1
    real(8) :: res

    if (p == 0) then
        if (j == 0) then
            res = 1.0
            return
        else
            res = 0.0
            return
        end if
    else
        w = (x - j) / p
        w1 = (x - j - 1) / p
    end if
    
    res = w * bspline_fortran(p-1,j,x) &
    +(1-w1)*bspline_fortran(p-1,j+1,x)

end function bspline_fortran
------------------

[0;31m---------------------------------------------------------------------------[0m
[0;31mRuntimeError[0m                              Traceback (most recent call last)
[0;32m/var/folders/24/8k48jl6d249_n_qfxwsl6xvm0000gn/T/ipykernel_24696/3943673422.py[0m in [0;36m<module>[0;34m[0m
[0;32m----> 1[0;31m [0mget_ipython[0m[0;34m([0m[0;34m)[0m[0;34m.[0m[0mrun_cell_magic[0m[0;34m([0m[0;34m'fortran'[0m[0;34m,[0m [0;34m''[0m[0;34m,[0m [0;34m'recursive function bspline_fortran(p, j, x) result(res)\n    integer :: p, j\n    real(8) :: x, w, w1\n    real(8) :: res\n\n    if (p == 0) then\n        if (j == 0) then\n            res = 1.0\n            return\n        else\n            res = 0.0\n            return\n        end if\n    else\n        w = (x - j) / p\n        w1 = (x - j - 1) / p\n    end if\n    \n    res = w * bspline_fortran(p-1,j,x) &\n    +(1-w1)*bspline_fortran(p-1,j+1,x)\n\nend function bspline_fortran\n'[0m[0;34m)[0m[0;34m[0m[0;34m[0m[0m
[0m
[0;32m/usr/local/lib/python3.8/site-packages/IPython/core/interactiveshell.py[0m in [0;36mrun_cell_magic[0;34m(self, magic_name, line, cell)[0m
[1;32m   2417[0m             [0;32mwith[0m [0mself[0m[0;34m.[0m[0mbuiltin_trap[0m[0;34m:[0m[0;34m[0m[0;34m[0m[0m
[1;32m   2418[0m                 [0margs[0m [0;34m=[0m [0;34m([0m[0mmagic_arg_s[0m[0;34m,[0m [0mcell[0m[0;34m)[0m[0;34m[0m[0;34m[0m[0m
[0;32m-> 2419[0;31m                 [0mresult[0m [0;34m=[0m [0mfn[0m[0;34m([0m[0;34m*[0m[0margs[0m[0;34m,[0m [0;34m**[0m[0mkwargs[0m[0;34m)[0m[0;34m[0m[0;34m[0m[0m
[0m[1;32m   2420[0m             [0;32mreturn[0m [0mresult[0m[0;34m[0m[0;34m[0m[0m
[1;32m   2421[0m [0;34m[0m[0m

[0;32m/usr/local/lib/python3.8/site-packages/decorator.py[0m in [0;36mfun[0;34m(*args, **kw)[0m
[1;32m    230[0m             [0;32mif[0m [0;32mnot[0m [0mkwsyntax[0m[0;34m:[0m[0;34m[0m[0;34m[0m[0m
[1;32m    231[0m                 [0margs[0m[0;34m,[0m [0mkw[0m [0;34m=[0m [0mfix[0m[0;34m([0m[0margs[0m[0;34m,[0m [0mkw[0m[0;34m,[0m [0msig[0m[0;34m)[0m[0;34m[0m[0;34m[0m[0m
[0;32m--> 232[0;31m             [0;32mreturn[0m [0mcaller[0m[0;34m([0m[0mfunc[0m[0;34m,[0m [0;34m*[0m[0;34m([0m[0mextras[0m [0;34m+[0m [0margs[0m[0;34m)[0m[0;34m,[0m [0;34m**[0m[0mkw[0m[0;34m)[0m[0;34m[0m[0;34m[0m[0m
[0m[1;32m    233[0m     [0mfun[0m[0;34m.[0m[0m__name__[0m [0;34m=[0m [0mfunc[0m[0;34m.[0m[0m__name__[0m[0;34m[0m[0;34m[0m[0m
[1;32m    234[0m     [0mfun[0m[0;34m.[0m[0m__doc__[0m [0;34m=[0m [0mfunc[0m[0;34m.[0m[0m__doc__[0m[0;34m[0m[0;34m[0m[0m

[0;32m/usr/local/lib/python3.8/site-packages/IPython/core/magic.py[0m in [0;36m<lambda>[0;34m(f, *a, **k)[0m
[1;32m    185[0m     [0;31m# but it's overkill for just that one bit of state.[0m[0;34m[0m[0;34m[0m[0;34m[0m[0m
[1;32m    186[0m     [0;32mdef[0m [0mmagic_deco[0m[0;34m([0m[0marg[0m[0;34m)[0m[0;34m:[0m[0;34m[0m[0;34m[0m[0m
[0;32m--> 187[0;31m         [0mcall[0m [0;34m=[0m [0;32mlambda[0m [0mf[0m[0;34m,[0m [0;34m*[0m[0ma[0m[0;34m,[0m [0;34m**[0m[0mk[0m[0;34m:[0m [0mf[0m[0;34m([0m[0;34m*[0m[0ma[0m[0;34m,[0m [0;34m**[0m[0mk[0m[0;34m)[0m[0;34m[0m[0;34m[0m[0m
[0m[1;32m    188[0m [0;34m[0m[0m
[1;32m    189[0m         [0;32mif[0m [0mcallable[0m[0;34m([0m[0marg[0m[0;34m)[0m[0;34m:[0m[0;34m[0m[0;34m[0m[0m

[0;32m/usr/local/lib/python3.8/site-packages/fortranmagic.py[0m in [0;36mfortran[0;34m(self, line, cell)[0m
[1;32m    377[0m                              verbosity=args.verbosity)
[1;32m    378[0m         [0;32mif[0m [0mres[0m [0;34m!=[0m [0;36m0[0m[0;34m:[0m[0;34m[0m[0;34m[0m[0m
[0;32m--> 379[0;31m            [0;32mraise[0m [0mRuntimeError[0m[0;34m([0m[0;34m"f2py failed, see output"[0m[0;34m)[0m[0;34m[0m[0;34m[0m[0m
[0m[1;32m    380[0m [0;34m[0m[0m
[1;32m    381[0m         [0mself[0m[0;34m.[0m[0m_code_cache[0m[0;34m[[0m[0mkey[0m[0;34m][0m [0;34m=[0m [0mmodule_name[0m[0;34m[0m[0;34m[0m[0m

[0;31mRuntimeError[0m: f2py failed, see output
RuntimeError: f2py failed, see output

