Traceback (most recent call last):
  File "/home/runner/.local/lib/python3.10/site-packages/jupyter_cache/executors/utils.py", line 58, in single_nb_execution
    executenb(
  File "/home/runner/.local/lib/python3.10/site-packages/nbclient/client.py", line 1314, in execute
    return NotebookClient(nb=nb, resources=resources, km=km, **kwargs).execute()
  File "/home/runner/.local/lib/python3.10/site-packages/jupyter_core/utils/__init__.py", line 165, in wrapped
    return loop.run_until_complete(inner)
  File "/usr/lib/python3.10/asyncio/base_events.py", line 649, in run_until_complete
    return future.result()
  File "/home/runner/.local/lib/python3.10/site-packages/nbclient/client.py", line 709, in async_execute
    await self.async_execute_cell(
  File "/home/runner/.local/lib/python3.10/site-packages/nbclient/client.py", line 1062, in async_execute_cell
    await self._check_raise_for_error(cell, cell_index, exec_reply)
  File "/home/runner/.local/lib/python3.10/site-packages/nbclient/client.py", line 918, in _check_raise_for_error
    raise CellExecutionError.from_cell_and_msg(cell, exec_reply_content)
nbclient.exceptions.CellExecutionError: An error occurred while executing the following cell:
------------------
%%fortran
recursive function bspline_fortran(p, j, x) result(res)
    integer :: p, j
    real(8) :: x, w, w1
    real(8) :: res

    if (p == 0) then
        if (j == 0) then
            res = 1.0
            return
        else
            res = 0.0
            return
        end if
    else
        w = (x - j) / p
        w1 = (x - j - 1) / p
    end if
    
    res = w * bspline_fortran(p-1,j,x) &
    +(1-w1)*bspline_fortran(p-1,j+1,x)

end function bspline_fortran
------------------

----- stderr -----
UsageError: Cell magic `%%fortran` not found.
------------------



