Traceback (most recent call last):
  File "/home/runner/.local/lib/python3.10/site-packages/jupyter_cache/executors/utils.py", line 58, in single_nb_execution
    executenb(
  File "/home/runner/.local/lib/python3.10/site-packages/nbclient/client.py", line 1314, in execute
    return NotebookClient(nb=nb, resources=resources, km=km, **kwargs).execute()
  File "/home/runner/.local/lib/python3.10/site-packages/jupyter_core/utils/__init__.py", line 165, in wrapped
    return loop.run_until_complete(inner)
  File "/usr/lib/python3.10/asyncio/base_events.py", line 649, in run_until_complete
    return future.result()
  File "/home/runner/.local/lib/python3.10/site-packages/nbclient/client.py", line 709, in async_execute
    await self.async_execute_cell(
  File "/home/runner/.local/lib/python3.10/site-packages/nbclient/client.py", line 1062, in async_execute_cell
    await self._check_raise_for_error(cell, cell_index, exec_reply)
  File "/home/runner/.local/lib/python3.10/site-packages/nbclient/client.py", line 918, in _check_raise_for_error
    raise CellExecutionError.from_cell_and_msg(cell, exec_reply_content)
nbclient.exceptions.CellExecutionError: An error occurred while executing the following cell:
------------------
%%fortran --f90flags "-fopenmp"  --extra "-lgomp"
subroutine biot ( n, xp, yp, op, up, vp )
  implicit none
  integer, intent(in)  :: n
  real(8), intent(in)  :: xp( n ), yp( n ), op( n )
  real(8), intent(out) :: up( n ), vp( n )
  !f2py optional , depend(a) :: n=len(xp)
        
  integer :: k, j
  real(8) :: dpi, a1, a12, a122, r2, r22, r2a1, r2a13
  real(8) :: f_ik, usum, vsum, dx, dy

  dpi   = 8d0 * atan( 1d0 )

  a1    = .05
  a12   = a1*a1
  a122  = a12*a12
    
  !$OMP PARALLEL DO DEFAULT(FIRSTPRIVATE) SHARED(up, vp)
  do  k = 1, n

    usum = 0
    vsum = 0
    do j = 1, n
        dx    = xp( j ) - xp( k )
        dy    = yp( j ) - yp( k )
        r2    = dx * dx + dy * dy
        if ( r2 > 1e-12 ) then
            r22   = r2 * r2
            r2a1  = r2 + a12
            r2a13 = r2a1 * r2a1 * r2a1
            f_ik  = ( r22 + 3d0*a12*r2 + 4d0*a122 ) / r2a13 
            usum = usum + dy * op(j) * f_ik
            vsum = vsum - dx * op(j) * f_ik 
        end if
    end do

    up(k) = usum / dpi 
    vp(k) = vsum / dpi 
            
   end do
   !$OMP END PARALLEL DO

end subroutine biot

------------------

----- stderr -----
UsageError: Cell magic `%%fortran` not found.
------------------



