Traceback (most recent call last):
  File "/usr/local/lib/python3.8/site-packages/jupyter_cache/executors/utils.py", line 51, in single_nb_execution
    executenb(
  File "/usr/local/lib/python3.8/site-packages/nbclient/client.py", line 1093, in execute
    return NotebookClient(nb=nb, resources=resources, km=km, **kwargs).execute()
  File "/usr/local/lib/python3.8/site-packages/nbclient/util.py", line 84, in wrapped
    return just_run(coro(*args, **kwargs))
  File "/usr/local/lib/python3.8/site-packages/nbclient/util.py", line 62, in just_run
    return loop.run_until_complete(coro)
  File "/usr/local/Cellar/python@3.8/3.8.12_1/Frameworks/Python.framework/Versions/3.8/lib/python3.8/asyncio/base_events.py", line 616, in run_until_complete
    return future.result()
  File "/usr/local/lib/python3.8/site-packages/nbclient/client.py", line 559, in async_execute
    await self.async_execute_cell(
  File "/usr/local/lib/python3.8/site-packages/nbclient/client.py", line 854, in async_execute_cell
    self._check_raise_for_error(cell, exec_reply)
  File "/usr/local/lib/python3.8/site-packages/nbclient/client.py", line 756, in _check_raise_for_error
    raise CellExecutionError.from_cell_and_msg(cell, exec_reply_content)
nbclient.exceptions.CellExecutionError: An error occurred while executing the following cell:
------------------
%%fortran --f90flags "-fopenmp"  --extra "-lgomp"
subroutine biot ( n, xp, yp, op, up, vp )
  implicit none
  integer, intent(in)  :: n
  real(8), intent(in)  :: xp( n ), yp( n ), op( n )
  real(8), intent(out) :: up( n ), vp( n )
  !f2py optional , depend(a) :: n=len(xp)
        
  integer :: k, j
  real(8) :: dpi, a1, a12, a122, r2, r22, r2a1, r2a13
  real(8) :: f_ik, usum, vsum, dx, dy

  dpi   = 8d0 * atan( 1d0 )

  a1    = .05
  a12   = a1*a1
  a122  = a12*a12
    
  !$OMP PARALLEL DO DEFAULT(FIRSTPRIVATE) SHARED(up, vp)
  do  k = 1, n

    usum = 0
    vsum = 0
    do j = 1, n
        dx    = xp( j ) - xp( k )
        dy    = yp( j ) - yp( k )
        r2    = dx * dx + dy * dy
        if ( r2 > 1e-12 ) then
            r22   = r2 * r2
            r2a1  = r2 + a12
            r2a13 = r2a1 * r2a1 * r2a1
            f_ik  = ( r22 + 3d0*a12*r2 + 4d0*a122 ) / r2a13 
            usum = usum + dy * op(j) * f_ik
            vsum = vsum - dx * op(j) * f_ik 
        end if
    end do

    up(k) = usum / dpi 
    vp(k) = vsum / dpi 
            
   end do
   !$OMP END PARALLEL DO

end subroutine biot

------------------

[0;31m---------------------------------------------------------------------------[0m
[0;31mRuntimeError[0m                              Traceback (most recent call last)
[0;32m/var/folders/24/8k48jl6d249_n_qfxwsl6xvm0000gn/T/ipykernel_24862/3150044365.py[0m in [0;36m<module>[0;34m[0m
[0;32m----> 1[0;31m [0mget_ipython[0m[0;34m([0m[0;34m)[0m[0;34m.[0m[0mrun_cell_magic[0m[0;34m([0m[0;34m'fortran'[0m[0;34m,[0m [0;34m'--f90flags "-fopenmp"  --extra "-lgomp"'[0m[0;34m,[0m [0;34m'subroutine biot ( n, xp, yp, op, up, vp )\n  implicit none\n  integer, intent(in)  :: n\n  real(8), intent(in)  :: xp( n ), yp( n ), op( n )\n  real(8), intent(out) :: up( n ), vp( n )\n  !f2py optional , depend(a) :: n=len(xp)\n        \n  integer :: k, j\n  real(8) :: dpi, a1, a12, a122, r2, r22, r2a1, r2a13\n  real(8) :: f_ik, usum, vsum, dx, dy\n\n  dpi   = 8d0 * atan( 1d0 )\n\n  a1    = .05\n  a12   = a1*a1\n  a122  = a12*a12\n    \n  !$OMP PARALLEL DO DEFAULT(FIRSTPRIVATE) SHARED(up, vp)\n  do  k = 1, n\n\n    usum = 0\n    vsum = 0\n    do j = 1, n\n        dx    = xp( j ) - xp( k )\n        dy    = yp( j ) - yp( k )\n        r2    = dx * dx + dy * dy\n        if ( r2 > 1e-12 ) then\n            r22   = r2 * r2\n            r2a1  = r2 + a12\n            r2a13 = r2a1 * r2a1 * r2a1\n            f_ik  = ( r22 + 3d0*a12*r2 + 4d0*a122 ) / r2a13 \n            usum = usum + dy * op(j) * f_ik\n            vsum = vsum - dx * op(j) * f_ik \n        end if\n    end do\n\n    up(k) = usum / dpi \n    vp(k) = vsum / dpi \n            \n   end do\n   !$OMP END PARALLEL DO\n\nend subroutine biot\n'[0m[0;34m)[0m[0;34m[0m[0;34m[0m[0m
[0m
[0;32m/usr/local/lib/python3.8/site-packages/IPython/core/interactiveshell.py[0m in [0;36mrun_cell_magic[0;34m(self, magic_name, line, cell)[0m
[1;32m   2417[0m             [0;32mwith[0m [0mself[0m[0;34m.[0m[0mbuiltin_trap[0m[0;34m:[0m[0;34m[0m[0;34m[0m[0m
[1;32m   2418[0m                 [0margs[0m [0;34m=[0m [0;34m([0m[0mmagic_arg_s[0m[0;34m,[0m [0mcell[0m[0;34m)[0m[0;34m[0m[0;34m[0m[0m
[0;32m-> 2419[0;31m                 [0mresult[0m [0;34m=[0m [0mfn[0m[0;34m([0m[0;34m*[0m[0margs[0m[0;34m,[0m [0;34m**[0m[0mkwargs[0m[0;34m)[0m[0;34m[0m[0;34m[0m[0m
[0m[1;32m   2420[0m             [0;32mreturn[0m [0mresult[0m[0;34m[0m[0;34m[0m[0m
[1;32m   2421[0m [0;34m[0m[0m

[0;32m/usr/local/lib/python3.8/site-packages/decorator.py[0m in [0;36mfun[0;34m(*args, **kw)[0m
[1;32m    230[0m             [0;32mif[0m [0;32mnot[0m [0mkwsyntax[0m[0;34m:[0m[0;34m[0m[0;34m[0m[0m
[1;32m    231[0m                 [0margs[0m[0;34m,[0m [0mkw[0m [0;34m=[0m [0mfix[0m[0;34m([0m[0margs[0m[0;34m,[0m [0mkw[0m[0;34m,[0m [0msig[0m[0;34m)[0m[0;34m[0m[0;34m[0m[0m
[0;32m--> 232[0;31m             [0;32mreturn[0m [0mcaller[0m[0;34m([0m[0mfunc[0m[0;34m,[0m [0;34m*[0m[0;34m([0m[0mextras[0m [0;34m+[0m [0margs[0m[0;34m)[0m[0;34m,[0m [0;34m**[0m[0mkw[0m[0;34m)[0m[0;34m[0m[0;34m[0m[0m
[0m[1;32m    233[0m     [0mfun[0m[0;34m.[0m[0m__name__[0m [0;34m=[0m [0mfunc[0m[0;34m.[0m[0m__name__[0m[0;34m[0m[0;34m[0m[0m
[1;32m    234[0m     [0mfun[0m[0;34m.[0m[0m__doc__[0m [0;34m=[0m [0mfunc[0m[0;34m.[0m[0m__doc__[0m[0;34m[0m[0;34m[0m[0m

[0;32m/usr/local/lib/python3.8/site-packages/IPython/core/magic.py[0m in [0;36m<lambda>[0;34m(f, *a, **k)[0m
[1;32m    185[0m     [0;31m# but it's overkill for just that one bit of state.[0m[0;34m[0m[0;34m[0m[0;34m[0m[0m
[1;32m    186[0m     [0;32mdef[0m [0mmagic_deco[0m[0;34m([0m[0marg[0m[0;34m)[0m[0;34m:[0m[0;34m[0m[0;34m[0m[0m
[0;32m--> 187[0;31m         [0mcall[0m [0;34m=[0m [0;32mlambda[0m [0mf[0m[0;34m,[0m [0;34m*[0m[0ma[0m[0;34m,[0m [0;34m**[0m[0mk[0m[0;34m:[0m [0mf[0m[0;34m([0m[0;34m*[0m[0ma[0m[0;34m,[0m [0;34m**[0m[0mk[0m[0;34m)[0m[0;34m[0m[0;34m[0m[0m
[0m[1;32m    188[0m [0;34m[0m[0m
[1;32m    189[0m         [0;32mif[0m [0mcallable[0m[0;34m([0m[0marg[0m[0;34m)[0m[0;34m:[0m[0;34m[0m[0;34m[0m[0m

[0;32m/usr/local/lib/python3.8/site-packages/fortranmagic.py[0m in [0;36mfortran[0;34m(self, line, cell)[0m
[1;32m    377[0m                              verbosity=args.verbosity)
[1;32m    378[0m         [0;32mif[0m [0mres[0m [0;34m!=[0m [0;36m0[0m[0;34m:[0m[0;34m[0m[0;34m[0m[0m
[0;32m--> 379[0;31m            [0;32mraise[0m [0mRuntimeError[0m[0;34m([0m[0;34m"f2py failed, see output"[0m[0;34m)[0m[0;34m[0m[0;34m[0m[0m
[0m[1;32m    380[0m [0;34m[0m[0m
[1;32m    381[0m         [0mself[0m[0;34m.[0m[0m_code_cache[0m[0;34m[[0m[0mkey[0m[0;34m][0m [0;34m=[0m [0mmodule_name[0m[0;34m[0m[0;34m[0m[0m

[0;31mRuntimeError[0m: f2py failed, see output
RuntimeError: f2py failed, see output

