Traceback (most recent call last):
  File "/usr/share/miniconda/envs/python-fortran/lib/python3.9/site-packages/jupyter_cache/executors/utils.py", line 58, in single_nb_execution
    executenb(
  File "/usr/share/miniconda/envs/python-fortran/lib/python3.9/site-packages/nbclient/client.py", line 1314, in execute
    return NotebookClient(nb=nb, resources=resources, km=km, **kwargs).execute()
  File "/usr/share/miniconda/envs/python-fortran/lib/python3.9/site-packages/jupyter_core/utils/__init__.py", line 165, in wrapped
    return loop.run_until_complete(inner)
  File "/usr/share/miniconda/envs/python-fortran/lib/python3.9/asyncio/base_events.py", line 647, in run_until_complete
    return future.result()
  File "/usr/share/miniconda/envs/python-fortran/lib/python3.9/site-packages/nbclient/client.py", line 709, in async_execute
    await self.async_execute_cell(
  File "/usr/share/miniconda/envs/python-fortran/lib/python3.9/site-packages/nbclient/client.py", line 1062, in async_execute_cell
    await self._check_raise_for_error(cell, cell_index, exec_reply)
  File "/usr/share/miniconda/envs/python-fortran/lib/python3.9/site-packages/nbclient/client.py", line 918, in _check_raise_for_error
    raise CellExecutionError.from_cell_and_msg(cell, exec_reply_content)
nbclient.exceptions.CellExecutionError: An error occurred while executing the following cell:
------------------
%%fortran

subroutine fortran_grayscott( U, V, Du, Dv, F, k)

    real(8), intent(in) :: Du, Dv, F, k
    real(8) :: U(:,:)
    real(8) :: V(:,:)
    real(8), allocatable :: Lu(:,:), Lv(:,:)
    integer :: n, c, r, r1, c1, r2, c2
    real(8) :: uvv

    n = size(U,1)
   
    Lu = U(2:n-1,2:n-1)
    Lv = V(2:n-1,2:n-1)

    do c = 1, n-2
        c1 = c + 1
        c2 = c + 2
        do r = 1, n-2
            r1 = r + 1
            r2 = r + 2 
            Lu(r,c) = U(r1,c2) + U(r1,c) + U(r2,c1) + U(r,c1) - 4*U(r1,c1)
            Lv(r,c) = V(r1,c2) + V(r1,c) + V(r2,c1) + V(r,c1) - 4*V(r1,c1)
        end do
    end do

    do c = 1, n-2
        c1 = c + 1
        do r = 1, n-2
            r1 = r + 1     
            uvv = U(r1,c1)*V(r1,c1)*V(r1,c1)
            U(r1,c1) = U(r1, c1) + Du*Lu(r,c) - uvv + F*(1 - U(r1,c1))
            V(r1,c1) = V(r1, c1) + Dv*Lv(r,c) + uvv - (F + k)*V(r1,c1)
        end do
    end do

end subroutine fortran_grayscott
------------------

----- stderr -----
Traceback (most recent call last):
  File "/usr/share/miniconda/envs/python-fortran/lib/python3.9/runpy.py", line 197, in _run_module_as_main
    return _run_code(code, main_globals, None,
  File "/usr/share/miniconda/envs/python-fortran/lib/python3.9/runpy.py", line 87, in _run_code
    exec(code, run_globals)
  File "/usr/share/miniconda/envs/python-fortran/lib/python3.9/site-packages/numpy/f2py/__main__.py", line 5, in <module>
    main()
  File "/usr/share/miniconda/envs/python-fortran/lib/python3.9/site-packages/numpy/f2py/f2py2e.py", line 770, in main
    run_compile()
  File "/usr/share/miniconda/envs/python-fortran/lib/python3.9/site-packages/numpy/f2py/f2py2e.py", line 594, in run_compile
    build_backend = f2py_build_generator(backend_key)
  File "/usr/share/miniconda/envs/python-fortran/lib/python3.9/site-packages/numpy/f2py/_backends/__init__.py", line 6, in f2py_build_generator
    from ._distutils import DistutilsBackend
  File "/usr/share/miniconda/envs/python-fortran/lib/python3.9/site-packages/numpy/f2py/_backends/_distutils.py", line 3, in <module>
    from numpy.distutils.core import setup, Extension
  File "/usr/share/miniconda/envs/python-fortran/lib/python3.9/site-packages/numpy/distutils/core.py", line 24, in <module>
    from numpy.distutils.command import config, config_compiler, \
  File "/usr/share/miniconda/envs/python-fortran/lib/python3.9/site-packages/numpy/distutils/command/config.py", line 19, in <module>
    from numpy.distutils.mingw32ccompiler import generate_manifest
  File "/usr/share/miniconda/envs/python-fortran/lib/python3.9/site-packages/numpy/distutils/mingw32ccompiler.py", line 27, in <module>
    from distutils.msvccompiler import get_build_version as get_build_msvc_version
ModuleNotFoundError: No module named 'distutils.msvccompiler'
------------------

[0;31m---------------------------------------------------------------------------[0m
[0;31mRuntimeError[0m                              Traceback (most recent call last)
Cell [0;32mIn[16], line 1[0m
[0;32m----> 1[0m [43mget_ipython[49m[43m([49m[43m)[49m[38;5;241;43m.[39;49m[43mrun_cell_magic[49m[43m([49m[38;5;124;43m'[39;49m[38;5;124;43mfortran[39;49m[38;5;124;43m'[39;49m[43m,[49m[43m [49m[38;5;124;43m'[39;49m[38;5;124;43m'[39;49m[43m,[49m[43m [49m[38;5;124;43m'[39;49m[38;5;130;43;01m\n[39;49;00m[38;5;124;43msubroutine fortran_grayscott( U, V, Du, Dv, F, k)[39;49m[38;5;130;43;01m\n[39;49;00m[38;5;130;43;01m\n[39;49;00m[38;5;124;43m    real(8), intent(in) :: Du, Dv, F, k[39;49m[38;5;130;43;01m\n[39;49;00m[38;5;124;43m    real(8) :: U(:,:)[39;49m[38;5;130;43;01m\n[39;49;00m[38;5;124;43m    real(8) :: V(:,:)[39;49m[38;5;130;43;01m\n[39;49;00m[38;5;124;43m    real(8), allocatable :: Lu(:,:), Lv(:,:)[39;49m[38;5;130;43;01m\n[39;49;00m[38;5;124;43m    integer :: n, c, r, r1, c1, r2, c2[39;49m[38;5;130;43;01m\n[39;49;00m[38;5;124;43m    real(8) :: uvv[39;49m[38;5;130;43;01m\n[39;49;00m[38;5;130;43;01m\n[39;49;00m[38;5;124;43m    n = size(U,1)[39;49m[38;5;130;43;01m\n[39;49;00m[38;5;124;43m   [39;49m[38;5;130;43;01m\n[39;49;00m[38;5;124;43m    Lu = U(2:n-1,2:n-1)[39;49m[38;5;130;43;01m\n[39;49;00m[38;5;124;43m    Lv = V(2:n-1,2:n-1)[39;49m[38;5;130;43;01m\n[39;49;00m[38;5;130;43;01m\n[39;49;00m[38;5;124;43m    do c = 1, n-2[39;49m[38;5;130;43;01m\n[39;49;00m[38;5;124;43m        c1 = c + 1[39;49m[38;5;130;43;01m\n[39;49;00m[38;5;124;43m        c2 = c + 2[39;49m[38;5;130;43;01m\n[39;49;00m[38;5;124;43m        do r = 1, n-2[39;49m[38;5;130;43;01m\n[39;49;00m[38;5;124;43m            r1 = r + 1[39;49m[38;5;130;43;01m\n[39;49;00m[38;5;124;43m            r2 = r + 2 [39;49m[38;5;130;43;01m\n[39;49;00m[38;5;124;43m            Lu(r,c) = U(r1,c2) + U(r1,c) + U(r2,c1) + U(r,c1) - 4*U(r1,c1)[39;49m[38;5;130;43;01m\n[39;49;00m[38;5;124;43m            Lv(r,c) = V(r1,c2) + V(r1,c) + V(r2,c1) + V(r,c1) - 4*V(r1,c1)[39;49m[38;5;130;43;01m\n[39;49;00m[38;5;124;43m        end do[39;49m[38;5;130;43;01m\n[39;49;00m[38;5;124;43m    end do[39;49m[38;5;130;43;01m\n[39;49;00m[38;5;130;43;01m\n[39;49;00m[38;5;124;43m    do c = 1, n-2[39;49m[38;5;130;43;01m\n[39;49;00m[38;5;124;43m        c1 = c + 1[39;49m[38;5;130;43;01m\n[39;49;00m[38;5;124;43m        do r = 1, n-2[39;49m[38;5;130;43;01m\n[39;49;00m[38;5;124;43m            r1 = r + 1     [39;49m[38;5;130;43;01m\n[39;49;00m[38;5;124;43m            uvv = U(r1,c1)*V(r1,c1)*V(r1,c1)[39;49m[38;5;130;43;01m\n[39;49;00m[38;5;124;43m            U(r1,c1) = U(r1, c1) + Du*Lu(r,c) - uvv + F*(1 - U(r1,c1))[39;49m[38;5;130;43;01m\n[39;49;00m[38;5;124;43m            V(r1,c1) = V(r1, c1) + Dv*Lv(r,c) + uvv - (F + k)*V(r1,c1)[39;49m[38;5;130;43;01m\n[39;49;00m[38;5;124;43m        end do[39;49m[38;5;130;43;01m\n[39;49;00m[38;5;124;43m    end do[39;49m[38;5;130;43;01m\n[39;49;00m[38;5;130;43;01m\n[39;49;00m[38;5;124;43mend subroutine fortran_grayscott[39;49m[38;5;130;43;01m\n[39;49;00m[38;5;124;43m'[39;49m[43m)[49m

File [0;32m/usr/share/miniconda/envs/python-fortran/lib/python3.9/site-packages/IPython/core/interactiveshell.py:2517[0m, in [0;36mInteractiveShell.run_cell_magic[0;34m(self, magic_name, line, cell)[0m
[1;32m   2515[0m [38;5;28;01mwith[39;00m [38;5;28mself[39m[38;5;241m.[39mbuiltin_trap:
[1;32m   2516[0m     args [38;5;241m=[39m (magic_arg_s, cell)
[0;32m-> 2517[0m     result [38;5;241m=[39m [43mfn[49m[43m([49m[38;5;241;43m*[39;49m[43margs[49m[43m,[49m[43m [49m[38;5;241;43m*[39;49m[38;5;241;43m*[39;49m[43mkwargs[49m[43m)[49m
[1;32m   2519[0m [38;5;66;03m# The code below prevents the output from being displayed[39;00m
[1;32m   2520[0m [38;5;66;03m# when using magics with decorator @output_can_be_silenced[39;00m
[1;32m   2521[0m [38;5;66;03m# when the last Python token in the expression is a ';'.[39;00m
[1;32m   2522[0m [38;5;28;01mif[39;00m [38;5;28mgetattr[39m(fn, magic[38;5;241m.[39mMAGIC_OUTPUT_CAN_BE_SILENCED, [38;5;28;01mFalse[39;00m):

File [0;32m/usr/share/miniconda/envs/python-fortran/lib/python3.9/site-packages/fortranmagic.py:516[0m, in [0;36mFortranMagics.fortran[0;34m(self, line, cell)[0m
[1;32m    511[0m res [38;5;241m=[39m [38;5;28mself[39m[38;5;241m.[39m_run_f2py(f2py_args [38;5;241m+[39m [[38;5;124m'[39m[38;5;124m-m[39m[38;5;124m'[39m, module_name, [38;5;124m'[39m[38;5;124m-c[39m[38;5;124m'[39m,
[1;32m    512[0m                                   f_f90_file],
[1;32m    513[0m                      verbosity[38;5;241m=[39margs[38;5;241m.[39mverbosity,
[1;32m    514[0m                      fflags[38;5;241m=[39mfflags)
[1;32m    515[0m [38;5;28;01mif[39;00m res [38;5;241m!=[39m [38;5;241m0[39m:
[0;32m--> 516[0m     [38;5;28;01mraise[39;00m [38;5;167;01mRuntimeError[39;00m([38;5;124m"[39m[38;5;124mf2py failed, see output[39m[38;5;124m"[39m)
[1;32m    518[0m [38;5;28mself[39m[38;5;241m.[39m_code_cache[key] [38;5;241m=[39m module_name
[1;32m    519[0m module [38;5;241m=[39m _imp_load_dynamic(module_name, module_path)

[0;31mRuntimeError[0m: f2py failed, see output

